Using pre-set license
Built from '2021.3/staging' branch; Version is '2021.3.2f1 (d6360bedb9a0) revision 14038539'; Using compiler version '192829333'; Build Type 'Release'
OS: 'Windows 10  (10.0.19044) 64bit Core' Language: 'de' Physical Memory: 32509 MB
BatchMode: 1, IsHumanControllingUs: 0, StartBugReporterOnCrash: 0, Is64bit: 1, IsPro: 1

COMMAND LINE ARGUMENTS:
C:\Program Files\Unity\Hub\Editor\2021.3.2f1\Editor\Unity.exe
-adb2
-batchMode
-noUpm
-name
AssetImportWorker1
-projectPath
C:/Users/VR-Nutzer/Desktop/Virtual-Reality-Systeme/Projekte/Virtual-Reality-Systeme/Virtual-Reality-Systeme
-logFile
Logs/AssetImportWorker1.log
-srvPort
56393
Successfully changed project path to: C:/Users/VR-Nutzer/Desktop/Virtual-Reality-Systeme/Projekte/Virtual-Reality-Systeme/Virtual-Reality-Systeme
C:/Users/VR-Nutzer/Desktop/Virtual-Reality-Systeme/Projekte/Virtual-Reality-Systeme/Virtual-Reality-Systeme
[UnityMemory] Configuration Parameters - Can be set up in boot.config
    "memorysetup-bucket-allocator-granularity=16"
    "memorysetup-bucket-allocator-bucket-count=8"
    "memorysetup-bucket-allocator-block-size=33554432"
    "memorysetup-bucket-allocator-block-count=8"
    "memorysetup-main-allocator-block-size=16777216"
    "memorysetup-thread-allocator-block-size=16777216"
    "memorysetup-gfx-main-allocator-block-size=16777216"
    "memorysetup-gfx-thread-allocator-block-size=16777216"
    "memorysetup-cache-allocator-block-size=4194304"
    "memorysetup-typetree-allocator-block-size=2097152"
    "memorysetup-profiler-bucket-allocator-granularity=16"
    "memorysetup-profiler-bucket-allocator-bucket-count=8"
    "memorysetup-profiler-bucket-allocator-block-size=33554432"
    "memorysetup-profiler-bucket-allocator-block-count=8"
    "memorysetup-profiler-allocator-block-size=16777216"
    "memorysetup-profiler-editor-allocator-block-size=1048576"
    "memorysetup-temp-allocator-size-main=16777216"
    "memorysetup-job-temp-allocator-block-size=2097152"
    "memorysetup-job-temp-allocator-block-size-background=1048576"
    "memorysetup-job-temp-allocator-reduction-small-platforms=262144"
    "memorysetup-temp-allocator-size-background-worker=32768"
    "memorysetup-temp-allocator-size-job-worker=262144"
    "memorysetup-temp-allocator-size-preload-manager=33554432"
    "memorysetup-temp-allocator-size-nav-mesh-worker=65536"
    "memorysetup-temp-allocator-size-audio-worker=65536"
    "memorysetup-temp-allocator-size-cloud-worker=32768"
    "memorysetup-temp-allocator-size-gi-baking-worker=262144"
    "memorysetup-temp-allocator-size-gfx=262144"
Refreshing native plugins compatible for Editor in 76.63 ms, found 6 plugins.
Preloading 0 native plugins for Editor in 0.00 ms.
Initialize engine version: 2021.3.2f1 (d6360bedb9a0)
[Subsystems] Discovering subsystems at path C:/Program Files/Unity/Hub/Editor/2021.3.2f1/Editor/Data/Resources/UnitySubsystems
[Subsystems] Discovering subsystems at path C:/Users/VR-Nutzer/Desktop/Virtual-Reality-Systeme/Projekte/Virtual-Reality-Systeme/Virtual-Reality-Systeme/Assets
GfxDevice: creating device client; threaded=0; jobified=0
Direct3D:
    Version:  Direct3D 11.0 [level 11.1]
    Renderer: NVIDIA GeForce RTX 3080 Laptop GPU (ID=0x249c)
    Vendor:   NVIDIA
    VRAM:     16201 MB
    Driver:   30.0.15.1165
Initialize mono
Mono path[0] = 'C:/Program Files/Unity/Hub/Editor/2021.3.2f1/Editor/Data/Managed'
Mono path[1] = 'C:/Program Files/Unity/Hub/Editor/2021.3.2f1/Editor/Data/MonoBleedingEdge/lib/mono/unityjit-win32'
Mono config path = 'C:/Program Files/Unity/Hub/Editor/2021.3.2f1/Editor/Data/MonoBleedingEdge/etc'
Using monoOptions --debugger-agent=transport=dt_socket,embedding=1,server=y,suspend=n,address=127.0.0.1:56044
Begin MonoManager ReloadAssembly
Registering precompiled unity dll's ...
Register platform support module: C:/Program Files/Unity/Hub/Editor/2021.3.2f1/Editor/Data/PlaybackEngines/WebGLSupport/UnityEditor.WebGL.Extensions.dll
Register platform support module: C:/Program Files/Unity/Hub/Editor/2021.3.2f1/Editor/Data/PlaybackEngines/WindowsStandaloneSupport/UnityEditor.WindowsStandalone.Extensions.dll
Registered in 0.005588 seconds.
Native extension for WindowsStandalone target not found
Native extension for WebGL target not found
Refreshing native plugins compatible for Editor in 81.80 ms, found 6 plugins.
Preloading 0 native plugins for Editor in 0.00 ms.
Mono: successfully reloaded assembly
- Completed reload, in  0.526 seconds
Domain Reload Profiling:
	ReloadAssembly (527ms)
		BeginReloadAssembly (53ms)
			ExecutionOrderSort (0ms)
			DisableScriptedObjects (0ms)
			BackupInstance (0ms)
			ReleaseScriptingObjects (0ms)
			CreateAndSetChildDomain (1ms)
		EndReloadAssembly (387ms)
			LoadAssemblies (51ms)
			RebuildTransferFunctionScriptingTraits (0ms)
			SetupTypeCache (85ms)
			ReleaseScriptCaches (0ms)
			RebuildScriptCaches (21ms)
			SetupLoadedEditorAssemblies (241ms)
				LogAssemblyErrors (0ms)
				InitializePlatformSupportModulesInManaged (7ms)
				SetLoadedEditorAssemblies (0ms)
				RefreshPlugins (82ms)
				BeforeProcessingInitializeOnLoad (1ms)
				ProcessInitializeOnLoadAttributes (112ms)
				ProcessInitializeOnLoadMethodAttributes (38ms)
				AfterProcessingInitializeOnLoad (0ms)
				EditorAssembliesLoaded (0ms)
			ExecutionOrderSort2 (0ms)
			AwakeInstancesAfterBackupRestoration (0ms)
Platform modules already initialized, skipping
Registering precompiled user dll's ...
Registered in 0.005207 seconds.
Begin MonoManager ReloadAssembly
Symbol file LoadedFromMemory doesn't match image C:\Users\VR-Nutzer\Desktop\Virtual-Reality-Systeme\Projekte\Virtual-Reality-Systeme\Virtual-Reality-Systeme\Library\PackageCache\com.unity.visualscripting@1.7.6\Editor\VisualScripting.Core\Dependencies\YamlDotNet\Unity.VisualScripting.YamlDotNet.dll
Symbol file LoadedFromMemory doesn't match image C:\Users\VR-Nutzer\Desktop\Virtual-Reality-Systeme\Projekte\Virtual-Reality-Systeme\Virtual-Reality-Systeme\Library\PackageCache\com.unity.visualscripting@1.7.6\Editor\VisualScripting.Core\Dependencies\DotNetZip\Unity.VisualScripting.IonicZip.dll
Native extension for WindowsStandalone target not found
Native extension for WebGL target not found
Refreshing native plugins compatible for Editor in 0.56 ms, found 6 plugins.
Preloading 0 native plugins for Editor in 0.00 ms.
Package Manager log level set to [2]
Mono: successfully reloaded assembly
- Completed reload, in  0.853 seconds
Domain Reload Profiling:
	ReloadAssembly (853ms)
		BeginReloadAssembly (98ms)
			ExecutionOrderSort (0ms)
			DisableScriptedObjects (5ms)
			BackupInstance (0ms)
			ReleaseScriptingObjects (0ms)
			CreateAndSetChildDomain (15ms)
		EndReloadAssembly (666ms)
			LoadAssemblies (68ms)
			RebuildTransferFunctionScriptingTraits (0ms)
			SetupTypeCache (220ms)
			ReleaseScriptCaches (1ms)
			RebuildScriptCaches (44ms)
			SetupLoadedEditorAssemblies (303ms)
				LogAssemblyErrors (0ms)
				InitializePlatformSupportModulesInManaged (6ms)
				SetLoadedEditorAssemblies (0ms)
				RefreshPlugins (1ms)
				BeforeProcessingInitializeOnLoad (82ms)
				ProcessInitializeOnLoadAttributes (188ms)
				ProcessInitializeOnLoadMethodAttributes (22ms)
				AfterProcessingInitializeOnLoad (6ms)
				EditorAssembliesLoaded (0ms)
			ExecutionOrderSort2 (0ms)
			AwakeInstancesAfterBackupRestoration (4ms)
Platform modules already initialized, skipping
========================================================================
Worker process is ready to serve import requests
Launched and connected shader compiler UnityShaderCompiler.exe after 0.04 seconds
Refreshing native plugins compatible for Editor in 0.94 ms, found 6 plugins.
Preloading 0 native plugins for Editor in 0.00 ms.
Unloading 3679 Unused Serialized files (Serialized files now loaded: 0)
Unloading 29 unused Assets / (112.6 KB). Loaded Objects now: 4141.
Memory consumption went from 131.9 MB to 131.8 MB.
Total: 3.891700 ms (FindLiveObjects: 0.354000 ms CreateObjectMapping: 0.162800 ms MarkObjects: 3.237800 ms  DeleteObjects: 0.135100 ms)

AssetImportParameters requested are different than current active one (requested -> active):
  custom:video-decoder-ogg-theora: a1e56fd34408186e4bbccfd4996cb3dc -> 
  custom:container-muxer-webm: aa71ff27fc2769a1b78a27578f13a17b -> 
  custom:container-demuxer-webm: 4f35f7cbe854078d1ac9338744f61a02 -> 
  custom:video-encoder-webm-vp8: eb34c28f22e8b96e1ab97ce403110664 -> 
  custom:video-codec-MediaFoundation-h265: 746d11721c4dcdbdad8f713fa42b33f4 -> 
  custom:audio-encoder-webm-vorbis: bf7c407c2cedff20999df2af8eb42d56 -> 
  custom:framework-win-MediaFoundation: 216162199b28c13a410421893ffa2e32 -> 
  custom:container-demuxer-ogg: 62fdf1f143b41e24485cea50d1cbac27 -> 
  custom:video-decoder-webm-vp8: 9c59270c3fd7afecdb556c50c9e8de78 -> 
  custom:audio-decoder-ogg-vorbis: bf7c407c2cedff20999df2af8eb42d56 -> 
========================================================================
Received Import Request.
  Time since last request: 1872169.480812 seconds.
  path: Assets/SteamVR/InteractionSystem/Samples/Prefabs/Buggy.prefab
  artifactKey: Guid(1e914d8e31fa95b488c87df17e68d504) Importer(815301076,1909f56bfc062723c751e8b465ee728b)
Start importing Assets/SteamVR/InteractionSystem/Samples/Prefabs/Buggy.prefab using Guid(1e914d8e31fa95b488c87df17e68d504) Importer(815301076,1909f56bfc062723c751e8b465ee728b)  -> (artifact id: 'b4080bcffc0d7a90a6bc156e2e77b21f') in 0.167833 seconds 
========================================================================
Received Import Request.
  Time since last request: 0.000021 seconds.
  path: Assets/SteamVR/InteractionSystem/Samples/Prefabs/JoeJeffController.prefab
  artifactKey: Guid(b209c30bc3eb7884781069adc59ed447) Importer(815301076,1909f56bfc062723c751e8b465ee728b)
Start importing Assets/SteamVR/InteractionSystem/Samples/Prefabs/JoeJeffController.prefab using Guid(b209c30bc3eb7884781069adc59ed447) Importer(815301076,1909f56bfc062723c751e8b465ee728b)  -> (artifact id: '09263cb283e0f0ee91553ff5fa88015d') in 0.019251 seconds 
========================================================================
Received Import Request.
  Time since last request: 0.000023 seconds.
  path: Assets/SteamVR/InteractionSystem/Samples/Prefabs/Flower.prefab
  artifactKey: Guid(8a2487c189a464148aadc3af2effa7c8) Importer(815301076,1909f56bfc062723c751e8b465ee728b)
Start importing Assets/SteamVR/InteractionSystem/Samples/Prefabs/Flower.prefab using Guid(8a2487c189a464148aadc3af2effa7c8) Importer(815301076,1909f56bfc062723c751e8b465ee728b)  -> (artifact id: 'e055d395e21b6c41c0239105387d55c7') in 0.153093 seconds 
========================================================================
Received Import Request.
  Time since last request: 0.000021 seconds.
  path: Assets/SteamVR/InteractionSystem/Samples/Prefabs/TargetHitEffect.prefab
  artifactKey: Guid(ada35c93b68ad004d9b4e7bd686cf189) Importer(815301076,1909f56bfc062723c751e8b465ee728b)
Start importing Assets/SteamVR/InteractionSystem/Samples/Prefabs/TargetHitEffect.prefab using Guid(ada35c93b68ad004d9b4e7bd686cf189) Importer(815301076,1909f56bfc062723c751e8b465ee728b)  -> (artifact id: '3600beefff46bdf45cde5dfdf4d9f223') in 0.064165 seconds 
========================================================================
Received Import Request.
  Time since last request: 15.471784 seconds.
  path: Assets/SteamVR/InteractionSystem/Samples/Models/black_floor_metal_NRM.jpg
  artifactKey: Guid(35f6da91b7f761e45b32d5f613a851cd) Importer(815301076,1909f56bfc062723c751e8b465ee728b)
Start importing Assets/SteamVR/InteractionSystem/Samples/Models/black_floor_metal_NRM.jpg using Guid(35f6da91b7f761e45b32d5f613a851cd) Importer(815301076,1909f56bfc062723c751e8b465ee728b)  -> (artifact id: '4e5113a6e7ce8ec80818e1dd8c073843') in 0.051353 seconds 
========================================================================
Received Import Request.
  Time since last request: 0.000020 seconds.
  path: Assets/SteamVR/InteractionSystem/Samples/Models/Furniture.fbx
  artifactKey: Guid(2e710f2b5a4f9674183207e79056e879) Importer(815301076,1909f56bfc062723c751e8b465ee728b)
Start importing Assets/SteamVR/InteractionSystem/Samples/Models/Furniture.fbx using Guid(2e710f2b5a4f9674183207e79056e879) Importer(815301076,1909f56bfc062723c751e8b465ee728b)  -> (artifact id: '240b299ea2c8716b6830bfcf211fdddd') in 0.078808 seconds 
========================================================================
Received Import Request.
  Time since last request: 0.000021 seconds.
  path: Assets/SteamVR/InteractionSystem/Samples/Models/Flower.FBX
  artifactKey: Guid(a3871f8445d0e6c42a079739574edb38) Importer(815301076,1909f56bfc062723c751e8b465ee728b)
Start importing Assets/SteamVR/InteractionSystem/Samples/Models/Flower.FBX using Guid(a3871f8445d0e6c42a079739574edb38) Importer(815301076,1909f56bfc062723c751e8b465ee728b)  -> (artifact id: '5a07a97a6d3f29ac69156e2ee3bf956b') in 0.085222 seconds 
========================================================================
Received Import Request.
  Time since last request: 7.888194 seconds.
  path: Assets/SteamVR/InteractionSystem/Samples/Interactions_Example
  artifactKey: Guid(0b3ee0e8968f48f49a7e58606fa6cf91) Importer(815301076,1909f56bfc062723c751e8b465ee728b)
Start importing Assets/SteamVR/InteractionSystem/Samples/Interactions_Example using Guid(0b3ee0e8968f48f49a7e58606fa6cf91) Importer(815301076,1909f56bfc062723c751e8b465ee728b)  -> (artifact id: 'e7a515d84e509c43d0255a1a34170cea') in 0.006579 seconds 
========================================================================
Received Import Request.
  Time since last request: 4.688304 seconds.
  path: Assets/SteamVR/InteractionSystem/Samples/Materials/flowerMatOp.mat
  artifactKey: Guid(d353000128b08f043bdec7830acdb165) Importer(815301076,1909f56bfc062723c751e8b465ee728b)
Start importing Assets/SteamVR/InteractionSystem/Samples/Materials/flowerMatOp.mat using Guid(d353000128b08f043bdec7830acdb165) Importer(815301076,1909f56bfc062723c751e8b465ee728b)  -> (artifact id: '0d62f1a67f7a1b51d3ee831298c5f513') in 0.026085 seconds 
========================================================================
Received Import Request.
  Time since last request: 0.000023 seconds.
  path: Assets/SteamVR/InteractionSystem/Samples/Materials/ShinyYellow.mat
  artifactKey: Guid(3f5766a8b67794141ac19c1a51d27083) Importer(815301076,1909f56bfc062723c751e8b465ee728b)
Start importing Assets/SteamVR/InteractionSystem/Samples/Materials/ShinyYellow.mat using Guid(3f5766a8b67794141ac19c1a51d27083) Importer(815301076,1909f56bfc062723c751e8b465ee728b)  -> (artifact id: '11ae25857e00920bbeb7dade853fdecf') in 0.012984 seconds 
========================================================================
Received Import Request.
  Time since last request: 0.000016 seconds.
  path: Assets/SteamVR/InteractionSystem/Samples/Materials/ShinyWhiteHighlightedOld.mat
  artifactKey: Guid(c5a10ebcdfbfdfe4e94b37a089618ed5) Importer(815301076,1909f56bfc062723c751e8b465ee728b)
Start importing Assets/SteamVR/InteractionSystem/Samples/Materials/ShinyWhiteHighlightedOld.mat using Guid(c5a10ebcdfbfdfe4e94b37a089618ed5) Importer(815301076,1909f56bfc062723c751e8b465ee728b)  -> (artifact id: 'ccea016991ecdcad6f796e2a478cbab3') in 0.012379 seconds 
========================================================================
Received Import Request.
  Time since last request: 0.000026 seconds.
  path: Assets/SteamVR/InteractionSystem/Samples/Materials/ShinyWhiteObject.mat
  artifactKey: Guid(ae954e68e9b70844292f588d1397a7f7) Importer(815301076,1909f56bfc062723c751e8b465ee728b)
Start importing Assets/SteamVR/InteractionSystem/Samples/Materials/ShinyWhiteObject.mat using Guid(ae954e68e9b70844292f588d1397a7f7) Importer(815301076,1909f56bfc062723c751e8b465ee728b)  -> (artifact id: 'fb43169324383cd22de8b620ad1e3875') in 0.013351 seconds 
========================================================================
Received Import Request.
  Time since last request: 0.000019 seconds.
  path: Assets/SteamVR/InteractionSystem/Samples/Materials/ShinyWhiteOld.mat
  artifactKey: Guid(649eefdf1f621454985e3af87eb76b8f) Importer(815301076,1909f56bfc062723c751e8b465ee728b)
Start importing Assets/SteamVR/InteractionSystem/Samples/Materials/ShinyWhiteOld.mat using Guid(649eefdf1f621454985e3af87eb76b8f) Importer(815301076,1909f56bfc062723c751e8b465ee728b)  -> (artifact id: '3bc8b471d77b277accde7f45632fd393') in 0.013364 seconds 
========================================================================
Received Import Request.
  Time since last request: 0.000021 seconds.
  path: Assets/SteamVR/InteractionSystem/Samples/Materials/ShinyWhiteHighlightedObject.mat
  artifactKey: Guid(fd5c04cbf78ad9d4691c1055c7ce7e2c) Importer(815301076,1909f56bfc062723c751e8b465ee728b)
Start importing Assets/SteamVR/InteractionSystem/Samples/Materials/ShinyWhiteHighlightedObject.mat using Guid(fd5c04cbf78ad9d4691c1055c7ce7e2c) Importer(815301076,1909f56bfc062723c751e8b465ee728b)  -> (artifact id: '3319c1424278121dd0d95c1dceec582d') in 0.011812 seconds 
========================================================================
Received Import Request.
  Time since last request: 0.000036 seconds.
  path: Assets/SteamVR/InteractionSystem/Samples/Materials/ShinyWhite.mat
  artifactKey: Guid(7e90f10e44a186a49a00679d068515ed) Importer(815301076,1909f56bfc062723c751e8b465ee728b)
Start importing Assets/SteamVR/InteractionSystem/Samples/Materials/ShinyWhite.mat using Guid(7e90f10e44a186a49a00679d068515ed) Importer(815301076,1909f56bfc062723c751e8b465ee728b)  -> (artifact id: 'b3b941296b65e75da7f18c723cb7ff0e') in 0.012264 seconds 
Editor requested this worker to shutdown with reason: Scaling down because of idle timeout
AssetImportWorker is now disconnected from the server
Process exiting
Exiting without the bug reporter. Application will terminate with return code 0